make --dry-run --always-make --keep-going --print-directory
make: Entering directory `/Users/yonatanarieh/BaseballSimulator/baseball-simulator'
/usr/bin/cmake -S/home/ubuntu/BaseballSimulator/baseball-simulator -B/home/ubuntu/BaseballSimulator/baseball-simulator --check-build-system CMakeFiles/Makefile.cmake 0
/usr/bin/cmake -E cmake_progress_start /home/ubuntu/BaseballSimulator/baseball-simulator/CMakeFiles /home/ubuntu/BaseballSimulator/baseball-simulator/CMakeFiles/progress.marks
/Applications/Xcode.app/Contents/Developer/usr/bin/make -f CMakeFiles/Makefile2 all
make[1]: Entering directory `/Users/yonatanarieh/BaseballSimulator/baseball-simulator'
/Applications/Xcode.app/Contents/Developer/usr/bin/make -f CMakeFiles/rs-baseball-simulator.dir/build.make CMakeFiles/rs-baseball-simulator.dir/depend
make[2]: Entering directory `/Users/yonatanarieh/BaseballSimulator/baseball-simulator'
cd /home/ubuntu/BaseballSimulator/baseball-simulator && /usr/bin/cmake -E cmake_depends "Unix Makefiles" /home/ubuntu/BaseballSimulator/baseball-simulator /home/ubuntu/BaseballSimulator/baseball-simulator /home/ubuntu/BaseballSimulator/baseball-simulator /home/ubuntu/BaseballSimulator/baseball-simulator /home/ubuntu/BaseballSimulator/baseball-simulator/CMakeFiles/rs-baseball-simulator.dir/DependInfo.cmake --color=
make[2]: Leaving directory `/Users/yonatanarieh/BaseballSimulator/baseball-simulator'
/Applications/Xcode.app/Contents/Developer/usr/bin/make -f CMakeFiles/rs-baseball-simulator.dir/build.make CMakeFiles/rs-baseball-simulator.dir/build
make[2]: Entering directory `/Users/yonatanarieh/BaseballSimulator/baseball-simulator'
 
make[2]: *** No rule to make target `/usr/include/opencv4/opencv2/calib3d.hpp', needed by `CMakeFiles/rs-baseball-simulator.dir/Camera.cpp.o'.
make[2]: *** No rule to make target `/usr/include/opencv4/opencv2/calib3d/calib3d.hpp', needed by `CMakeFiles/rs-baseball-simulator.dir/Camera.cpp.o'.
make[2]: *** No rule to make target `/usr/include/opencv4/opencv2/core.hpp', needed by `CMakeFiles/rs-baseball-simulator.dir/Camera.cpp.o'.
make[2]: *** No rule to make target `/usr/include/opencv4/opencv2/core/affine.hpp', needed by `CMakeFiles/rs-baseball-simulator.dir/Camera.cpp.o'.
make[2]: *** No rule to make target `/usr/include/opencv4/opencv2/core/async.hpp', needed by `CMakeFiles/rs-baseball-simulator.dir/Camera.cpp.o'.
make[2]: *** No rule to make target `/usr/include/opencv4/opencv2/core/base.hpp', needed by `CMakeFiles/rs-baseball-simulator.dir/Camera.cpp.o'.
make[2]: *** No rule to make target `/usr/include/opencv4/opencv2/core/bufferpool.hpp', needed by `CMakeFiles/rs-baseball-simulator.dir/Camera.cpp.o'.
make[2]: *** No rule to make target `/usr/include/opencv4/opencv2/core/check.hpp', needed by `CMakeFiles/rs-baseball-simulator.dir/Camera.cpp.o'.
make[2]: *** No rule to make target `/usr/include/opencv4/opencv2/core/cuda.hpp', needed by `CMakeFiles/rs-baseball-simulator.dir/Camera.cpp.o'.
make[2]: *** No rule to make target `/usr/include/opencv4/opencv2/core/cuda.inl.hpp', needed by `CMakeFiles/rs-baseball-simulator.dir/Camera.cpp.o'.
make[2]: *** No rule to make target `/usr/include/opencv4/opencv2/core/cuda_types.hpp', needed by `CMakeFiles/rs-baseball-simulator.dir/Camera.cpp.o'.
make[2]: *** No rule to make target `/usr/include/opencv4/opencv2/core/cv_cpu_dispatch.h', needed by `CMakeFiles/rs-baseball-simulator.dir/Camera.cpp.o'.
make[2]: *** No rule to make target `/usr/include/opencv4/opencv2/core/cv_cpu_helper.h', needed by `CMakeFiles/rs-baseball-simulator.dir/Camera.cpp.o'.
make[2]: *** No rule to make target `/usr/include/opencv4/opencv2/core/cvdef.h', needed by `CMakeFiles/rs-baseball-simulator.dir/Camera.cpp.o'.
make[2]: *** No rule to make target `/usr/include/opencv4/opencv2/core/cvstd.hpp', needed by `CMakeFiles/rs-baseball-simulator.dir/Camera.cpp.o'.
make[2]: *** No rule to make target `/usr/include/opencv4/opencv2/core/cvstd.inl.hpp', needed by `CMakeFiles/rs-baseball-simulator.dir/Camera.cpp.o'.
make[2]: *** No rule to make target `/usr/include/opencv4/opencv2/core/cvstd_wrapper.hpp', needed by `CMakeFiles/rs-baseball-simulator.dir/Camera.cpp.o'.
make[2]: *** No rule to make target `/usr/include/opencv4/opencv2/core/fast_math.hpp', needed by `CMakeFiles/rs-baseball-simulator.dir/Camera.cpp.o'.
make[2]: *** No rule to make target `/usr/include/opencv4/opencv2/core/hal/interface.h', needed by `CMakeFiles/rs-baseball-simulator.dir/Camera.cpp.o'.
make[2]: *** No rule to make target `/usr/include/opencv4/opencv2/core/hal/msa_macros.h', needed by `CMakeFiles/rs-baseball-simulator.dir/Camera.cpp.o'.
make[2]: *** No rule to make target `/usr/include/opencv4/opencv2/core/mat.hpp', needed by `CMakeFiles/rs-baseball-simulator.dir/Camera.cpp.o'.
make[2]: *** No rule to make target `/usr/include/opencv4/opencv2/core/mat.inl.hpp', needed by `CMakeFiles/rs-baseball-simulator.dir/Camera.cpp.o'.
make[2]: *** No rule to make target `/usr/include/opencv4/opencv2/core/matx.hpp', needed by `CMakeFiles/rs-baseball-simulator.dir/Camera.cpp.o'.
make[2]: *** No rule to make target `/usr/include/opencv4/opencv2/core/neon_utils.hpp', needed by `CMakeFiles/rs-baseball-simulator.dir/Camera.cpp.o'.
make[2]: *** No rule to make target `/usr/include/opencv4/opencv2/core/operations.hpp', needed by `CMakeFiles/rs-baseball-simulator.dir/Camera.cpp.o'.
make[2]: *** No rule to make target `/usr/include/opencv4/opencv2/core/optim.hpp', needed by `CMakeFiles/rs-baseball-simulator.dir/Camera.cpp.o'.
make[2]: *** No rule to make target `/usr/include/opencv4/opencv2/core/ovx.hpp', needed by `CMakeFiles/rs-baseball-simulator.dir/Camera.cpp.o'.
make[2]: *** No rule to make target `/usr/include/opencv4/opencv2/core/persistence.hpp', needed by `CMakeFiles/rs-baseball-simulator.dir/Camera.cpp.o'.
make[2]: *** No rule to make target `/usr/include/opencv4/opencv2/core/saturate.hpp', needed by `CMakeFiles/rs-baseball-simulator.dir/Camera.cpp.o'.
make[2]: *** No rule to make target `/usr/include/opencv4/opencv2/core/traits.hpp', needed by `CMakeFiles/rs-baseball-simulator.dir/Camera.cpp.o'.
make[2]: *** No rule to make target `/usr/include/opencv4/opencv2/core/types.hpp', needed by `CMakeFiles/rs-baseball-simulator.dir/Camera.cpp.o'.
make[2]: *** No rule to make target `/usr/include/opencv4/opencv2/core/utility.hpp', needed by `CMakeFiles/rs-baseball-simulator.dir/Camera.cpp.o'.
make[2]: *** No rule to make target `/usr/include/opencv4/opencv2/core/utils/instrumentation.hpp', needed by `CMakeFiles/rs-baseball-simulator.dir/Camera.cpp.o'.
make[2]: *** No rule to make target `/usr/include/opencv4/opencv2/core/utils/tls.hpp', needed by `CMakeFiles/rs-baseball-simulator.dir/Camera.cpp.o'.
make[2]: *** No rule to make target `/usr/include/opencv4/opencv2/core/version.hpp', needed by `CMakeFiles/rs-baseball-simulator.dir/Camera.cpp.o'.
make[2]: *** No rule to make target `/usr/include/opencv4/opencv2/core/vsx_utils.hpp', needed by `CMakeFiles/rs-baseball-simulator.dir/Camera.cpp.o'.
make[2]: *** No rule to make target `/usr/include/opencv4/opencv2/dnn.hpp', needed by `CMakeFiles/rs-baseball-simulator.dir/Camera.cpp.o'.
make[2]: *** No rule to make target `/usr/include/opencv4/opencv2/dnn/dict.hpp', needed by `CMakeFiles/rs-baseball-simulator.dir/Camera.cpp.o'.
make[2]: *** No rule to make target `/usr/include/opencv4/opencv2/dnn/dnn.hpp', needed by `CMakeFiles/rs-baseball-simulator.dir/Camera.cpp.o'.
make[2]: *** No rule to make target `/usr/include/opencv4/opencv2/dnn/dnn.inl.hpp', needed by `CMakeFiles/rs-baseball-simulator.dir/Camera.cpp.o'.
make[2]: *** No rule to make target `/usr/include/opencv4/opencv2/dnn/layer.hpp', needed by `CMakeFiles/rs-baseball-simulator.dir/Camera.cpp.o'.
make[2]: *** No rule to make target `/usr/include/opencv4/opencv2/dnn/utils/inference_engine.hpp', needed by `CMakeFiles/rs-baseball-simulator.dir/Camera.cpp.o'.
make[2]: *** No rule to make target `/usr/include/opencv4/opencv2/dnn/version.hpp', needed by `CMakeFiles/rs-baseball-simulator.dir/Camera.cpp.o'.
make[2]: *** No rule to make target `/usr/include/opencv4/opencv2/features2d.hpp', needed by `CMakeFiles/rs-baseball-simulator.dir/Camera.cpp.o'.
make[2]: *** No rule to make target `/usr/include/opencv4/opencv2/flann.hpp', needed by `CMakeFiles/rs-baseball-simulator.dir/Camera.cpp.o'.
make[2]: *** No rule to make target `/usr/include/opencv4/opencv2/flann/all_indices.h', needed by `CMakeFiles/rs-baseball-simulator.dir/Camera.cpp.o'.
make[2]: *** No rule to make target `/usr/include/opencv4/opencv2/flann/allocator.h', needed by `CMakeFiles/rs-baseball-simulator.dir/Camera.cpp.o'.
make[2]: *** No rule to make target `/usr/include/opencv4/opencv2/flann/any.h', needed by `CMakeFiles/rs-baseball-simulator.dir/Camera.cpp.o'.
make[2]: *** No rule to make target `/usr/include/opencv4/opencv2/flann/autotuned_index.h', needed by `CMakeFiles/rs-baseball-simulator.dir/Camera.cpp.o'.
make[2]: *** No rule to make target `/usr/include/opencv4/opencv2/flann/composite_index.h', needed by `CMakeFiles/rs-baseball-simulator.dir/Camera.cpp.o'.
make[2]: *** No rule to make target `/usr/include/opencv4/opencv2/flann/config.h', needed by `CMakeFiles/rs-baseball-simulator.dir/Camera.cpp.o'.
make[2]: *** No rule to make target `/usr/include/opencv4/opencv2/flann/defines.h', needed by `CMakeFiles/rs-baseball-simulator.dir/Camera.cpp.o'.
make[2]: *** No rule to make target `/usr/include/opencv4/opencv2/flann/dist.h', needed by `CMakeFiles/rs-baseball-simulator.dir/Camera.cpp.o'.
make[2]: *** No rule to make target `/usr/include/opencv4/opencv2/flann/dynamic_bitset.h', needed by `CMakeFiles/rs-baseball-simulator.dir/Camera.cpp.o'.
make[2]: *** No rule to make target `/usr/include/opencv4/opencv2/flann/flann_base.hpp', needed by `CMakeFiles/rs-baseball-simulator.dir/Camera.cpp.o'.
make[2]:  
*** No rule to make target `/usr/include/opencv4/opencv2/flann/general.h', needed by `CMakeFiles/rs-baseball-simulator.dir/Camera.cpp.o'.
make[2]: *** No rule to make target `/usr/include/opencv4/opencv2/flann/ground_truth.h', needed by `CMakeFiles/rs-baseball-simulator.dir/Camera.cpp.o'.
make[2]: *** No rule to make target `/usr/include/opencv4/opencv2/flann/heap.h', needed by `CMakeFiles/rs-baseball-simulator.dir/Camera.cpp.o'.
make[2]: *** No rule to make target `/usr/include/opencv4/opencv2/flann/hierarchical_clustering_index.h', needed by `CMakeFiles/rs-baseball-simulator.dir/Camera.cpp.o'.
make[2]: *** No rule to make target `/usr/include/opencv4/opencv2/flann/index_testing.h', needed by `CMakeFiles/rs-baseball-simulator.dir/Camera.cpp.o'.
make[2]: *** No rule to make target `/usr/include/opencv4/opencv2/flann/kdtree_index.h', needed by `CMakeFiles/rs-baseball-simulator.dir/Camera.cpp.o'.
make[2]: *** No rule to make target `/usr/include/opencv4/opencv2/flann/kdtree_single_index.h', needed by `CMakeFiles/rs-baseball-simulator.dir/Camera.cpp.o'.
make[2]: *** No rule to make target `/usr/include/opencv4/opencv2/flann/kmeans_index.h', needed by `CMakeFiles/rs-baseball-simulator.dir/Camera.cpp.o'.
make[2]: *** No rule to make target `/usr/include/opencv4/opencv2/flann/linear_index.h', needed by `CMakeFiles/rs-baseball-simulator.dir/Camera.cpp.o'.
make[2]: *** No rule to make target `/usr/include/opencv4/opencv2/flann/logger.h', needed by `CMakeFiles/rs-baseball-simulator.dir/Camera.cpp.o'.
make[2]: *** No rule to make target `/usr/include/opencv4/opencv2/flann/lsh_index.h', needed by `CMakeFiles/rs-baseball-simulator.dir/Camera.cpp.o'.
make[2]: *** No rule to make target `/usr/include/opencv4/opencv2/flann/lsh_table.h', needed by `CMakeFiles/rs-baseball-simulator.dir/Camera.cpp.o'.
make[2]: *** No rule to make target `/usr/include/opencv4/opencv2/flann/matrix.h', needed by `CMakeFiles/rs-baseball-simulator.dir/Camera.cpp.o'.
make[2]: *** No rule to make target `/usr/include/opencv4/opencv2/flann/miniflann.hpp', needed by `CMakeFiles/rs-baseball-simulator.dir/Camera.cpp.o'.
make[2]: *** No rule to make target `/usr/include/opencv4/opencv2/flann/nn_index.h', needed by `CMakeFiles/rs-baseball-simulator.dir/Camera.cpp.o'.
make[2]: *** No rule to make target `/usr/include/opencv4/opencv2/flann/params.h', needed by `CMakeFiles/rs-baseball-simulator.dir/Camera.cpp.o'.
make[2]: *** No rule to make target `/usr/include/opencv4/opencv2/flann/random.h', needed by `CMakeFiles/rs-baseball-simulator.dir/Camera.cpp.o'.
make[2]: *** No rule to make target `/usr/include/opencv4/opencv2/flann/result_set.h', needed by `CMakeFiles/rs-baseball-simulator.dir/Camera.cpp.o'.
make[2]: *** No rule to make target `/usr/include/opencv4/opencv2/flann/sampling.h', needed by `CMakeFiles/rs-baseball-simulator.dir/Camera.cpp.o'.
make[2]: *** No rule to make target `/usr/include/opencv4/opencv2/flann/saving.h', needed by `CMakeFiles/rs-baseball-simulator.dir/Camera.cpp.o'.
make[2]: *** No rule to make target `/usr/include/opencv4/opencv2/flann/timer.h', needed by `CMakeFiles/rs-baseball-simulator.dir/Camera.cpp.o'.
make[2]: *** No rule to make target `/usr/include/opencv4/opencv2/highgui.hpp', needed by `CMakeFiles/rs-baseball-simulator.dir/Camera.cpp.o'.
make[2]: *** No rule to make target `/usr/include/opencv4/opencv2/highgui/highgui.hpp', needed by `CMakeFiles/rs-baseball-simulator.dir/Camera.cpp.o'.
make[2]: *** No rule to make target `/usr/include/opencv4/opencv2/imgcodecs.hpp', needed by `CMakeFiles/rs-baseball-simulator.dir/Camera.cpp.o'.
make[2]: *** No rule to make target `/usr/include/opencv4/opencv2/imgproc.hpp', needed by `CMakeFiles/rs-baseball-simulator.dir/Camera.cpp.o'.
make[2]: *** No rule to make target `/usr/include/opencv4/opencv2/imgproc/imgproc.hpp', needed by `CMakeFiles/rs-baseball-simulator.dir/Camera.cpp.o'.
make[2]: *** No rule to make target `/usr/include/opencv4/opencv2/ml.hpp', needed by `CMakeFiles/rs-baseball-simulator.dir/Camera.cpp.o'.
make[2]: *** No rule to make target `/usr/include/opencv4/opencv2/ml/ml.inl.hpp', needed by `CMakeFiles/rs-baseball-simulator.dir/Camera.cpp.o'.
make[2]: *** No rule to make target `/usr/include/opencv4/opencv2/objdetect.hpp', needed by `CMakeFiles/rs-baseball-simulator.dir/Camera.cpp.o'.
make[2]: *** No rule to make target `/usr/include/opencv4/opencv2/objdetect/detection_based_tracker.hpp', needed by `CMakeFiles/rs-baseball-simulator.dir/Camera.cpp.o'.
make[2]: *** No rule to make target `/usr/include/opencv4/opencv2/opencv.hpp', needed by `CMakeFiles/rs-baseball-simulator.dir/Camera.cpp.o'.
make[2]: *** No rule to make target `/usr/include/opencv4/opencv2/opencv_modules.hpp', needed by `CMakeFiles/rs-baseball-simulator.dir/Camera.cpp.o'.
make[2]: *** No rule to make target `/usr/include/opencv4/opencv2/photo.hpp', needed by `CMakeFiles/rs-baseball-simulator.dir/Camera.cpp.o'.
make[2]: *** No rule to make target `/usr/include/opencv4/opencv2/shape.hpp', needed by `CMakeFiles/rs-baseball-simulator.dir/Camera.cpp.o'.
make[2]: *** No rule to make target `/usr/include/opencv4/opencv2/shape/emdL1.hpp', needed by `CMakeFiles/rs-baseball-simulator.dir/Camera.cpp.o'.
make[2]: *** No rule to make target `/usr/include/opencv4/opencv2/shape/hist_cost.hpp', needed by `CMakeFiles/rs-baseball-simulator.dir/Camera.cpp.o'.
make[2]: *** No rule to make target `/usr/include/opencv4/opencv2/shape/shape_distance.hpp', needed by `CMakeFiles/rs-baseball-simulator.dir/Camera.cpp.o'.
make[2]: *** No rule to make target `/usr/include/opencv4/opencv2/shape/shape_transformer.hpp', needed by `CMakeFiles/rs-baseball-simulator.dir/Camera.cpp.o'.
make[2]: *** No rule to make target `/usr/include/opencv4/opencv2/stitching.hpp', needed by `CMakeFiles/rs-baseball-simulator.dir/Camera.cpp.o'.
make[2]: *** No rule to make target `/usr/include/opencv4/opencv2/stitching/detail/blenders.hpp', needed by `CMakeFiles/rs-baseball-simulator.dir/Camera.cpp.o'.
make[2]: *** No rule to make target `/usr/include/opencv4/opencv2/stitching/detail/camera.hpp', needed by `CMakeFiles/rs-baseball-simulator.dir/Camera.cpp.o'.
make[2]: *** No rule to make target `/usr/include/opencv4/opencv2/stitching/detail/exposure_compensate.hpp', needed by `CMakeFiles/rs-baseball-simulator.dir/Camera.cpp.o'.
make[2]: *** No rule to make target `/usr/include/opencv4/opencv2/stitching/detail/matchers.hpp', needed by `CMakeFiles/rs-baseball-simulator.dir/Camera.cpp.o'.
make[2]: *** No rule to make target `/usr/include/opencv4/opencv2/stitching/detail/motion_estimators.hpp', needed by `CMakeFiles/rs-baseball-simulator.dir/Camera.cpp.o'.
make[2]: *** No rule to make target `/usr/include/opencv4/opencv2/stitching/detail/seam_finders.hpp', needed by `CMakeFiles/rs-baseball-simulator.dir/Camera.cpp.o'.
make[2]: *** No rule to make target `/usr/include/opencv4/opencv2/stitching/detail/util.hpp', needed by `CMakeFiles/rs-baseball-simulator.dir/Camera.cpp.o'.
make[2]: *** No rule to make target `/usr/include/opencv4/opencv2/stitching/detail/util_inl.hpp', needed by `CMakeFiles/rs-baseball-simulator.dir/Camera.cpp.o'.
make[2]: *** No rule to make target `/usr/include/opencv4/opencv2/stitching/detail/warpers.hpp', needed by `CMakeFiles/rs-baseball-simulator.dir/Camera.cpp.o'.
make[2]: *** No rule to make target `/usr/include/opencv4/opencv2/stitching/detail/warpers_inl.hpp', needed by `CMakeFiles/rs-baseball-simulator.dir/Camera.cpp.o'.
make[2]: *** No rule to make target `/usr/include/opencv4/opencv2/stitching/warpers.hpp', needed by `CMakeFiles/rs-baseball-simulator.dir/Camera.cpp.o'.
make[2]: *** No rule to make target `/usr/include/opencv4/opencv2/superres.hpp', needed by `CMakeFiles/rs-baseball-simulator.dir/Camera.cpp.o'.
make[2]: *** No rule to make target `/usr/include/opencv4/opencv2/superres/optical_flow.hpp', needed by `CMakeFiles/rs-baseball-simulator.dir/Camera.cpp.o'.
make[2]: *** No rule to make target `/usr/include/opencv4/opencv2/video.hpp', needed by `CMakeFiles/rs-baseball-simulator.dir/Camera.cpp.o'.
make[2]: *** No rule to make target `/usr/include/opencv4/opencv2/video/background_segm.hpp', needed by `CMakeFiles/rs-baseball-simulator.dir/Camera.cpp.o'.
 
make[2]: *** No rule to make target `/usr/include/opencv4/opencv2/video/tracking.hpp', needed by `CMakeFiles/rs-baseball-simulator.dir/Camera.cpp.o'.
make[2]: *** No rule to make target `/usr/include/opencv4/opencv2/videoio.hpp', needed by `CMakeFiles/rs-baseball-simulator.dir/Camera.cpp.o'.
make[2]: *** No rule to make target `/usr/include/opencv4/opencv2/videostab.hpp', needed by `CMakeFiles/rs-baseball-simulator.dir/Camera.cpp.o'.
make[2]: *** No rule to make target `/usr/include/opencv4/opencv2/videostab/deblurring.hpp', needed by `CMakeFiles/rs-baseball-simulator.dir/Camera.cpp.o'.
make[2]: *** No rule to make target `/usr/include/opencv4/opencv2/videostab/fast_marching.hpp', needed by `CMakeFiles/rs-baseball-simulator.dir/Camera.cpp.o'.
make[2]: *** No rule to make target `/usr/include/opencv4/opencv2/videostab/fast_marching_inl.hpp', needed by `CMakeFiles/rs-baseball-simulator.dir/Camera.cpp.o'.
make[2]: *** No rule to make target `/usr/include/opencv4/opencv2/videostab/frame_source.hpp', needed by `CMakeFiles/rs-baseball-simulator.dir/Camera.cpp.o'.
make[2]: *** No rule to make target `/usr/include/opencv4/opencv2/videostab/global_motion.hpp', needed by `CMakeFiles/rs-baseball-simulator.dir/Camera.cpp.o'.
make[2]: *** No rule to make target `/usr/include/opencv4/opencv2/videostab/inpainting.hpp', needed by `CMakeFiles/rs-baseball-simulator.dir/Camera.cpp.o'.
make[2]: *** No rule to make target `/usr/include/opencv4/opencv2/videostab/log.hpp', needed by `CMakeFiles/rs-baseball-simulator.dir/Camera.cpp.o'.
make[2]: *** No rule to make target `/usr/include/opencv4/opencv2/videostab/motion_core.hpp', needed by `CMakeFiles/rs-baseball-simulator.dir/Camera.cpp.o'.
make[2]: *** No rule to make target `/usr/include/opencv4/opencv2/videostab/motion_stabilizing.hpp', needed by `CMakeFiles/rs-baseball-simulator.dir/Camera.cpp.o'.
make[2]: *** No rule to make target `/usr/include/opencv4/opencv2/videostab/optical_flow.hpp', needed by `CMakeFiles/rs-baseball-simulator.dir/Camera.cpp.o'.
make[2]: *** No rule to make target `/usr/include/opencv4/opencv2/videostab/outlier_rejection.hpp', needed by `CMakeFiles/rs-baseball-simulator.dir/Camera.cpp.o'.
make[2]: *** No rule to make target `/usr/include/opencv4/opencv2/videostab/ring_buffer.hpp', needed by `CMakeFiles/rs-baseball-simulator.dir/Camera.cpp.o'.
make[2]: *** No rule to make target `/usr/include/opencv4/opencv2/videostab/stabilizer.hpp', needed by `CMakeFiles/rs-baseball-simulator.dir/Camera.cpp.o'.
make[2]: *** No rule to make target `/usr/include/opencv4/opencv2/videostab/wobble_suppression.hpp', needed by `CMakeFiles/rs-baseball-simulator.dir/Camera.cpp.o'.
make[2]: *** No rule to make target `/usr/include/opencv4/opencv2/viz.hpp', needed by `CMakeFiles/rs-baseball-simulator.dir/Camera.cpp.o'.
make[2]: *** No rule to make target `/usr/include/opencv4/opencv2/viz/types.hpp', needed by `CMakeFiles/rs-baseball-simulator.dir/Camera.cpp.o'.
make[2]: *** No rule to make target `/usr/include/opencv4/opencv2/viz/viz3d.hpp', needed by `CMakeFiles/rs-baseball-simulator.dir/Camera.cpp.o'.
make[2]: *** No rule to make target `/usr/include/opencv4/opencv2/viz/vizcore.hpp', needed by `CMakeFiles/rs-baseball-simulator.dir/Camera.cpp.o'.
make[2]: *** No rule to make target `/usr/include/opencv4/opencv2/viz/widgets.hpp', needed by `CMakeFiles/rs-baseball-simulator.dir/Camera.cpp.o'.
make[2]: *** No rule to make target `/usr/include/opencv4/opencv2/aruco.hpp', needed by `CMakeFiles/rs-baseball-simulator.dir/ImageReconditioning.cpp.o'.
make[2]: *** No rule to make target `/usr/include/opencv4/opencv2/aruco/dictionary.hpp', needed by `CMakeFiles/rs-baseball-simulator.dir/ImageReconditioning.cpp.o'.
make[2]: *** No rule to make target `/usr/lib/aarch64-linux-gnu/libopencv_stitching.so.4.2.0', needed by `rs-baseball-simulator'.
make[2]: *** No rule to make target `/usr/lib/aarch64-linux-gnu/libopencv_aruco.so.4.2.0', needed by `rs-baseball-simulator'.
make[2]: *** No rule to make target `/usr/lib/aarch64-linux-gnu/libopencv_bgsegm.so.4.2.0', needed by `rs-baseball-simulator'.
make[2]: *** No rule to make target `/usr/lib/aarch64-linux-gnu/libopencv_bioinspired.so.4.2.0', needed by `rs-baseball-simulator'.
make[2]: *** No rule to make target `/usr/lib/aarch64-linux-gnu/libopencv_ccalib.so.4.2.0', needed by `rs-baseball-simulator'.
make[2]: *** No rule to make target `/usr/lib/aarch64-linux-gnu/libopencv_dnn_objdetect.so.4.2.0', needed by `rs-baseball-simulator'.
make[2]: *** No rule to make target `/usr/lib/aarch64-linux-gnu/libopencv_dnn_superres.so.4.2.0', needed by `rs-baseball-simulator'.
make[2]: *** No rule to make target `/usr/lib/aarch64-linux-gnu/libopencv_dpm.so.4.2.0', needed by `rs-baseball-simulator'.
make[2]: *** No rule to make target `/usr/lib/aarch64-linux-gnu/libopencv_face.so.4.2.0', needed by `rs-baseball-simulator'.
make[2]: *** No rule to make target `/usr/lib/aarch64-linux-gnu/libopencv_freetype.so.4.2.0', needed by `rs-baseball-simulator'.
make[2]: *** No rule to make target `/usr/lib/aarch64-linux-gnu/libopencv_fuzzy.so.4.2.0', needed by `rs-baseball-simulator'.
make[2]: *** No rule to make target `/usr/lib/aarch64-linux-gnu/libopencv_hdf.so.4.2.0', needed by `rs-baseball-simulator'.
make[2]: *** No rule to make target `/usr/lib/aarch64-linux-gnu/libopencv_hfs.so.4.2.0', needed by `rs-baseball-simulator'.
make[2]: *** No rule to make target `/usr/lib/aarch64-linux-gnu/libopencv_img_hash.so.4.2.0', needed by `rs-baseball-simulator'.
make[2]: *** No rule to make target `/usr/lib/aarch64-linux-gnu/libopencv_line_descriptor.so.4.2.0', needed by `rs-baseball-simulator'.
make[2]: *** No rule to make target `/usr/lib/aarch64-linux-gnu/libopencv_quality.so.4.2.0', needed by `rs-baseball-simulator'.
make[2]: *** No rule to make target `/usr/lib/aarch64-linux-gnu/libopencv_reg.so.4.2.0', needed by `rs-baseball-simulator'.
make[2]: *** No rule to make target `/usr/lib/aarch64-linux-gnu/libopencv_rgbd.so.4.2.0', needed by `rs-baseball-simulator'.
make[2]: *** No rule to make target `/usr/lib/aarch64-linux-gnu/libopencv_saliency.so.4.2.0', needed by `rs-baseball-simulator'.
make[2]: *** No rule to make target `/usr/lib/aarch64-linux-gnu/libopencv_shape.so.4.2.0', needed by `rs-baseball-simulator'.
make[2]: *** No rule to make target `/usr/lib/aarch64-linux-gnu/libopencv_stereo.so.4.2.0', needed by `rs-baseball-simulator'.
make[2]: *** No rule to make target `/usr/lib/aarch64-linux-gnu/libopencv_structured_light.so.4.2.0', needed by `rs-baseball-simulator'.
make[2]: *** No rule to make target `/usr/lib/aarch64-linux-gnu/libopencv_superres.so.4.2.0', needed by `rs-baseball-simulator'.
make[2]: *** No rule to make target `/usr/lib/aarch64-linux-gnu/libopencv_surface_matching.so.4.2.0', needed by `rs-baseball-simulator'.
make[2]: *** No rule to make target `/usr/lib/aarch64-linux-gnu/libopencv_tracking.so.4.2.0', needed by `rs-baseball-simulator'.
make[2]: *** No rule to make target `/usr/lib/aarch64-linux-gnu/libopencv_videostab.so.4.2.0', needed by `rs-baseball-simulator'.
make[2]: *** No rule to make target `/usr/lib/aarch64-linux-gnu/libopencv_viz.so.4.2.0', needed by `rs-baseball-simulator'.
make[2]: *** No rule to make target `/usr/lib/aarch64-linux-gnu/libopencv_xobjdetect.so.4.2.0', needed by `rs-baseball-simulator'.
make[2]: *** No rule to make target `/usr/lib/aarch64-linux-gnu/libopencv_xphoto.so.4.2.0', needed by `rs-baseball-simulator'.
 
make[2]: *** No rule to make target `/usr/local/lib/librealsense2.so', needed by `rs-baseball-simulator'.
make[2]: *** No rule to make target `/usr/lib/aarch64-linux-gnu/libopencv_highgui.so.4.2.0', needed by `rs-baseball-simulator'.
make[2]: *** No rule to make target `/usr/lib/aarch64-linux-gnu/libopencv_datasets.so.4.2.0', needed by `rs-baseball-simulator'.
make[2]: *** No rule to make target `/usr/lib/aarch64-linux-gnu/libopencv_plot.so.4.2.0', needed by `rs-baseball-simulator'.
make[2]: *** No rule to make target `/usr/lib/aarch64-linux-gnu/libopencv_text.so.4.2.0', needed by `rs-baseball-simulator'.
make[2]: *** No rule to make target `/usr/lib/aarch64-linux-gnu/libopencv_dnn.so.4.2.0', needed by `rs-baseball-simulator'.
make[2]: *** No rule to make target `/usr/lib/aarch64-linux-gnu/libopencv_ml.so.4.2.0', needed by `rs-baseball-simulator'.
make[2]: *** No rule to make target `/usr/lib/aarch64-linux-gnu/libopencv_phase_unwrapping.so.4.2.0', needed by `rs-baseball-simulator'.
make[2]: *** No rule to make target `/usr/lib/aarch64-linux-gnu/libopencv_optflow.so.4.2.0', needed by `rs-baseball-simulator'.
make[2]: *** No rule to make target `/usr/lib/aarch64-linux-gnu/libopencv_ximgproc.so.4.2.0', needed by `rs-baseball-simulator'.
make[2]: *** No rule to make target `/usr/lib/aarch64-linux-gnu/libopencv_video.so.4.2.0', needed by `rs-baseball-simulator'.
make[2]: *** No rule to make target `/usr/lib/aarch64-linux-gnu/libopencv_videoio.so.4.2.0', needed by `rs-baseball-simulator'.
make[2]: *** No rule to make target `/usr/lib/aarch64-linux-gnu/libopencv_imgcodecs.so.4.2.0', needed by `rs-baseball-simulator'.
make[2]: *** No rule to make target `/usr/lib/aarch64-linux-gnu/libopencv_objdetect.so.4.2.0', needed by `rs-baseball-simulator'.
make[2]: *** No rule to make target `/usr/lib/aarch64-linux-gnu/libopencv_calib3d.so.4.2.0', needed by `rs-baseball-simulator'.
make[2]: *** No rule to make target `/usr/lib/aarch64-linux-gnu/libopencv_features2d.so.4.2.0', needed by `rs-baseball-simulator'.
make[2]: *** No rule to make target `/usr/lib/aarch64-linux-gnu/libopencv_flann.so.4.2.0', needed by `rs-baseball-simulator'.
make[2]: *** No rule to make target `/usr/lib/aarch64-linux-gnu/libopencv_photo.so.4.2.0', needed by `rs-baseball-simulator'.
make[2]: *** No rule to make target `/usr/lib/aarch64-linux-gnu/libopencv_imgproc.so.4.2.0', needed by `rs-baseball-simulator'.
make[2]: *** No rule to make target `/usr/lib/aarch64-linux-gnu/libopencv_core.so.4.2.0', needed by `rs-baseball-simulator'.
make[1]: *** [CMakeFiles/rs-baseball-simulator.dir/all] Error 2
make: *** [all] Error 2
 
make[2]: Leaving directory `/Users/yonatanarieh/BaseballSimulator/baseball-simulator'
make[1]: Leaving directory `/Users/yonatanarieh/BaseballSimulator/baseball-simulator'
make: Leaving directory `/Users/yonatanarieh/BaseballSimulator/baseball-simulator'
 
